<?xml version="1.0" encoding="UTF-8"?>
<testsuite name="strategies.AppTest" tests="1" skipped="0" failures="0" errors="0" timestamp="2023-06-10T10:36:14" hostname="DESKTOP-TJDJL61" time="0.013">
  <properties/>
  <testcase name="appHasAGreeting()" classname="strategies.AppTest" time="0.013"/>
  <system-out><![CDATA[]]></system-out>
  <system-err><![CDATA[]]></system-err>
</testsuite>
